
--------------------------------------------------
TXLib соболезнует...

Программа: C:\Users\user\Desktop\dnd\DnDRedaktor\bin\Debug\DnDRedaktor.exe, файл: c:\codeblocks\codeblocks\mingw\include\txlib.h, строка: 14245, функция: intptr_t {anonymous}::TX::txPlayVideo(int, int, int, int, const char*, double, double, HWND),

Сообщение: Возможно, окно рисования не создано или не в порядке.

#1: TXLib [Ver: 00173a, Rev: 171, Date: 2022-07-23 02:08:28 +0400], Instance: 0x005042FC (32-bit), Flags: CMdre0, Thread: 0x2BE8 (Main), GetLastError(): 13 (Недопустимые данные). 

--------------------------------------------------
Стек вызовов:

# 0 0x004266A8 in C:\Users\user\Desktop\dnd\DnDRedaktor\bin\Debug\DnDRedaktor.exe: txPlayVideo() at c:/codeblocks/codeblocks/mingw/include/txlib.h (14245)
# 1 0x00427857 in C:\Users\user\Desktop\dnd\DnDRedaktor\bin\Debug\DnDRedaktor.exe: txPlayVideo() at c:/codeblocks/codeblocks/mingw/include/txlib.h (14397)
# 2 0x0040570B in C:\Users\user\Desktop\dnd\DnDRedaktor\bin\Debug\DnDRedaktor.exe: _txCleanup() at c:/codeblocks/codeblocks/mingw/include/txlib.h (9082)
# 3 0x00404996 in C:\Users\user\Desktop\dnd\DnDRedaktor\bin\Debug\DnDRedaktor.exe: _txOnCExit() at c:/codeblocks/codeblocks/mingw/include/txlib.h (8894)
# 4 0x00401284 in C:\Users\user\Desktop\dnd\DnDRedaktor\bin\Debug\DnDRedaktor.exe: __mingw_CRTStartup()
# 5 0x004012C5 in C:\Users\user\Desktop\dnd\DnDRedaktor\bin\Debug\DnDRedaktor.exe: WinMainCRTStartup()
# 6 0x775580CE in C:\Windows\SYSTEM32\ntdll.dll: RtlGetAppContainerNamedObjectPath()
# 7 0x7755809E in C:\Windows\SYSTEM32\ntdll.dll: RtlGetAppContainerNamedObjectPath()

--------------------------------------------------
Стек вызовов TX:

# 0 in intptr_t {anonymous}::TX::txPlayVideo(int, int, int, int, const char*, double, double, HWND) at c:\codeblocks\codeblocks\mingw\include\txlib.h (14245):

  14243:                       double zoom /*= 0*/, double gain /*= 1*/, HWND wnd /*= txWindow()*/)
  14244:     {
=>14245: $1  if (wnd && wnd == txWindow() && _TX_TXWINDOW_FAILED()) return -1;
  14246: 
  14247: $   int time = GetTickCount();  //-V2551

# 1 in intptr_t {anonymous}::TX::txPlayVideo(const char*, double, double, HWND) at c:\codeblocks\codeblocks\mingw\include\txlib.h (14397):

  14395: intptr_t txPlayVideo (const char fileName[], double zoom /*= 0*/, double gain /*= 0*/, HWND wnd /*= txWindow()*/)
  14396:     {
=>14397: $1  return txPlayVideo (0, 0, 0, 0, fileName, zoom, gain, wnd);
  14398:     }
  14399: 

# 2 in void {anonymous}::TX::_txCleanup() at c:\codeblocks\codeblocks\mingw\include\txlib.h (9082):

   9080: 
   9081: $   txSpeak     (NULL);
=> 9082: $   txPlayVideo (NULL);
   9083: 
   9084: $   delete _txCanvas_UserDCs;

# 3 in void {anonymous}::TX::_txOnCExit() at c:\codeblocks\codeblocks\mingw\include\txlib.h (8894):

   8892:     OutputDebugString ("\n");
   8893: 
=> 8894: $5  _txCleanup();
   8895: 
   8896:     _TX_CALLv (Win32::_cexit, ());

# 4 in int main() at C:\Users\user\Desktop\dnd\DnDRedaktor\main.cpp (67):

     65:     txTextOut (425, 85, "C++");
     66: 
=>   67:     txTextCursor (false);
     68:     return 0;
     69:     }

--------------------------------------------------
Developed with:

The Dumb Artist Library (TX Library)
TXLib [Ver: 00173a, Rev: 171, Date: 2022-07-23 02:08:28 +0400]
Copyright (C) Ded (Ilya Dedinsky, http://txlib.ru) <mail@txlib.ru>
See license on: http://txlib.ru

TXLib file:	c:\codeblocks\codeblocks\mingw\include\txlib.h
Compiled:	Sep 13 2024 17:20:36, GNU g++ 4.8.1, std=201103L, MinGW Runtime 3.20, 32-bit, DEBUG
Started:	Sep 13 2024 17:20:55

Run file:	C:\Users\user\Desktop\dnd\DnDRedaktor\bin\Debug\DnDRedaktor.exe
Directory:	C:\Users\user\Desktop\dnd\DnDRedaktor

--------------------------------------------------
